<?xml version="1.0" encoding="UTF-8"?>
<testng-results skipped="0" failed="0" total="3" passed="3">
  <reporter-output>
  </reporter-output>
  <suite name="TmpSuite" duration-ms="32627" started-at="2017-09-18T12:28:57Z" finished-at="2017-09-18T12:29:29Z">
    <groups>
    </groups>
    <test name="TmpTest" duration-ms="32627" started-at="2017-09-18T12:28:57Z" finished-at="2017-09-18T12:29:29Z">
      <class name="rerunTests.classes2copy.RetryClassTest">
        <test-method status="PASS" signature="browserSetup()[pri:0, instance:rerunTests.classes2copy.RetryClassTest@3646a422]" name="browserSetup" is-config="true" duration-ms="0" started-at="2017-09-18T15:28:57Z" finished-at="2017-09-18T15:28:57Z">
          <reporter-output>
          </reporter-output>
        </test-method> <!-- browserSetup -->
        <test-method status="PASS" signature="Test1()[pri:0, instance:rerunTests.classes2copy.RetryClassTest@3646a422]" name="Test1" duration-ms="7228" started-at="2017-09-18T15:28:57Z" finished-at="2017-09-18T15:29:04Z">
          <reporter-output>
          </reporter-output>
        </test-method> <!-- Test1 -->
        <test-method status="PASS" signature="Test2()[pri:0, instance:rerunTests.classes2copy.RetryClassTest@3646a422]" name="Test2" duration-ms="8014" started-at="2017-09-18T15:29:04Z" depends-on-methods="rerunTests.classes2copy.RetryClassTest.Test1" finished-at="2017-09-18T15:29:12Z">
          <reporter-output>
          </reporter-output>
        </test-method> <!-- Test2 -->
        <test-method status="PASS" signature="Test3()[pri:0, instance:rerunTests.classes2copy.RetryClassTest@3646a422]" name="Test3" duration-ms="17382" started-at="2017-09-18T15:29:12Z" depends-on-methods="rerunTests.classes2copy.RetryClassTest.Test2" finished-at="2017-09-18T15:29:29Z">
          <reporter-output>
          </reporter-output>
        </test-method> <!-- Test3 -->
      </class> <!-- rerunTests.classes2copy.RetryClassTest -->
    </test> <!-- TmpTest -->
  </suite> <!-- TmpSuite -->
</testng-results>
