<?xml version="1.0" encoding="UTF-8"?>
<!-- Generated by org.testng.reporters.JUnitXMLReporter -->
<testsuite hostname="KV1-EM-PC-14" name="TmpTest" tests="3" failures="0" timestamp="18 Sep 2017 12:29:30 GMT" time="32.627" errors="0">
  <testcase name="Test1" time="7.228" classname="rerunTests.classes2copy.RetryClassTest"/>
  <testcase name="Test2" time="8.014" classname="rerunTests.classes2copy.RetryClassTest"/>
  <testcase name="Test3" time="17.382" classname="rerunTests.classes2copy.RetryClassTest"/>
</testsuite> <!-- TmpTest -->
